mode: set
github.com/go-mysql/log-parser/slow/slow.go:39.70,56.2 2 1
github.com/go-mysql/log-parser/slow/slow.go:58.55,60.2 1 1
github.com/go-mysql/log-parser/slow/slow.go:62.32,63.17 1 0
github.com/go-mysql/log-parser/slow/slow.go:66.2,67.8 2 0
github.com/go-mysql/log-parser/slow/slow.go:63.17,65.3 1 0
github.com/go-mysql/log-parser/slow/slow.go:70.39,71.17 1 1
github.com/go-mysql/log-parser/slow/slow.go:79.2,79.27 1 1
github.com/go-mysql/log-parser/slow/slow.go:85.2,90.17 3 1
github.com/go-mysql/log-parser/slow/slow.go:148.2,148.36 1 1
github.com/go-mysql/log-parser/slow/slow.go:152.2,152.17 1 1
github.com/go-mysql/log-parser/slow/slow.go:155.2,155.12 1 1
github.com/go-mysql/log-parser/slow/slow.go:71.17,75.3 3 0
github.com/go-mysql/log-parser/slow/slow.go:79.27,80.79 1 1
github.com/go-mysql/log-parser/slow/slow.go:80.79,82.4 1 0
github.com/go-mysql/log-parser/slow/slow.go:90.17,91.10 1 1
github.com/go-mysql/log-parser/slow/slow.go:98.3,99.17 2 1
github.com/go-mysql/log-parser/slow/slow.go:106.3,109.24 4 1
github.com/go-mysql/log-parser/slow/slow.go:115.3,115.18 1 1
github.com/go-mysql/log-parser/slow/slow.go:124.3,127.27 1 1
github.com/go-mysql/log-parser/slow/slow.go:135.3,137.17 2 1
github.com/go-mysql/log-parser/slow/slow.go:92.3,94.22 2 0
github.com/go-mysql/log-parser/slow/slow.go:95.3,95.11 0 1
github.com/go-mysql/log-parser/slow/slow.go:99.17,100.21 1 1
github.com/go-mysql/log-parser/slow/slow.go:103.4,103.22 1 1
github.com/go-mysql/log-parser/slow/slow.go:100.21,102.5 1 0
github.com/go-mysql/log-parser/slow/slow.go:109.24,113.4 1 1
github.com/go-mysql/log-parser/slow/slow.go:115.18,118.4 2 0
github.com/go-mysql/log-parser/slow/slow.go:127.27,128.19 1 1
github.com/go-mysql/log-parser/slow/slow.go:131.4,131.12 1 1
github.com/go-mysql/log-parser/slow/slow.go:128.19,130.5 1 0
github.com/go-mysql/log-parser/slow/slow.go:137.17,139.4 1 1
github.com/go-mysql/log-parser/slow/slow.go:139.5,139.23 1 1
github.com/go-mysql/log-parser/slow/slow.go:139.23,141.4 1 1
github.com/go-mysql/log-parser/slow/slow.go:141.5,141.40 1 1
github.com/go-mysql/log-parser/slow/slow.go:141.40,145.4 3 1
github.com/go-mysql/log-parser/slow/slow.go:148.36,150.3 1 1
github.com/go-mysql/log-parser/slow/slow.go:152.17,154.3 1 0
github.com/go-mysql/log-parser/slow/slow.go:160.50,161.17 1 1
github.com/go-mysql/log-parser/slow/slow.go:165.2,165.33 1 1
github.com/go-mysql/log-parser/slow/slow.go:172.2,172.24 1 1
github.com/go-mysql/log-parser/slow/slow.go:175.2,177.39 2 1
github.com/go-mysql/log-parser/slow/slow.go:161.17,163.3 1 0
github.com/go-mysql/log-parser/slow/slow.go:165.33,170.3 4 1
github.com/go-mysql/log-parser/slow/slow.go:172.24,174.3 1 1
github.com/go-mysql/log-parser/slow/slow.go:177.39,178.18 1 1
github.com/go-mysql/log-parser/slow/slow.go:181.3,183.31 3 1
github.com/go-mysql/log-parser/slow/slow.go:178.18,180.4 1 0
github.com/go-mysql/log-parser/slow/slow.go:183.31,184.19 1 1
github.com/go-mysql/log-parser/slow/slow.go:187.4,189.23 3 1
github.com/go-mysql/log-parser/slow/slow.go:184.19,186.5 1 0
github.com/go-mysql/log-parser/slow/slow.go:191.4,191.46 1 1
github.com/go-mysql/log-parser/slow/slow.go:191.46,192.18 1 1
github.com/go-mysql/log-parser/slow/slow.go:195.3,197.22 3 1
github.com/go-mysql/log-parser/slow/slow.go:192.18,194.4 1 0
github.com/go-mysql/log-parser/slow/slow.go:198.4,198.47 1 1
github.com/go-mysql/log-parser/slow/slow.go:198.47,200.3 1 0
github.com/go-mysql/log-parser/slow/slow.go:200.4,201.18 1 1
github.com/go-mysql/log-parser/slow/slow.go:204.3,205.25 2 1
github.com/go-mysql/log-parser/slow/slow.go:201.18,203.4 1 0
github.com/go-mysql/log-parser/slow/slow.go:205.25,207.80 1 1
github.com/go-mysql/log-parser/slow/slow.go:207.80,211.5 2 1
github.com/go-mysql/log-parser/slow/slow.go:211.6,211.48 1 1
github.com/go-mysql/log-parser/slow/slow.go:211.48,213.24 1 1
github.com/go-mysql/log-parser/slow/slow.go:213.24,215.6 1 1
github.com/go-mysql/log-parser/slow/slow.go:215.7,217.6 1 1
github.com/go-mysql/log-parser/slow/slow.go:218.6,218.33 1 1
github.com/go-mysql/log-parser/slow/slow.go:218.33,220.5 1 1
github.com/go-mysql/log-parser/slow/slow.go:220.6,220.45 1 1
github.com/go-mysql/log-parser/slow/slow.go:220.45,222.5 1 1
github.com/go-mysql/log-parser/slow/slow.go:222.6,222.46 1 1
github.com/go-mysql/log-parser/slow/slow.go:222.46,225.5 2 1
github.com/go-mysql/log-parser/slow/slow.go:225.6,229.5 2 1
github.com/go-mysql/log-parser/slow/slow.go:234.49,235.17 1 1
github.com/go-mysql/log-parser/slow/slow.go:239.2,239.40 1 1
github.com/go-mysql/log-parser/slow/slow.go:253.2,253.58 1 1
github.com/go-mysql/log-parser/slow/slow.go:235.17,237.3 1 0
github.com/go-mysql/log-parser/slow/slow.go:239.40,242.3 2 1
github.com/go-mysql/log-parser/slow/slow.go:242.4,242.39 1 1
github.com/go-mysql/log-parser/slow/slow.go:242.39,243.18 1 1
github.com/go-mysql/log-parser/slow/slow.go:246.3,250.9 5 1
github.com/go-mysql/log-parser/slow/slow.go:243.18,245.4 1 0
github.com/go-mysql/log-parser/slow/slow.go:253.58,254.18 1 1
github.com/go-mysql/log-parser/slow/slow.go:257.3,259.18 3 1
github.com/go-mysql/log-parser/slow/slow.go:254.18,256.4 1 0
github.com/go-mysql/log-parser/slow/slow.go:260.4,260.36 1 1
github.com/go-mysql/log-parser/slow/slow.go:260.36,261.18 1 1
github.com/go-mysql/log-parser/slow/slow.go:261.18,263.4 1 0
github.com/go-mysql/log-parser/slow/slow.go:265.4,266.18 1 1
github.com/go-mysql/log-parser/slow/slow.go:269.3,269.23 1 1
github.com/go-mysql/log-parser/slow/slow.go:274.3,274.17 1 1
github.com/go-mysql/log-parser/slow/slow.go:266.18,268.4 1 0
github.com/go-mysql/log-parser/slow/slow.go:269.23,271.4 1 1
github.com/go-mysql/log-parser/slow/slow.go:271.5,273.4 1 1
github.com/go-mysql/log-parser/slow/slow.go:278.49,279.17 1 1
github.com/go-mysql/log-parser/slow/slow.go:282.2,288.68 5 1
github.com/go-mysql/log-parser/slow/slow.go:279.17,281.3 1 0
github.com/go-mysql/log-parser/slow/slow.go:288.68,289.18 1 1
github.com/go-mysql/log-parser/slow/slow.go:292.3,292.28 1 1
github.com/go-mysql/log-parser/slow/slow.go:289.18,291.4 1 0
github.com/go-mysql/log-parser/slow/slow.go:293.4,296.3 2 1
github.com/go-mysql/log-parser/slow/slow.go:299.64,300.17 1 1
github.com/go-mysql/log-parser/slow/slow.go:305.2,305.15 1 1
github.com/go-mysql/log-parser/slow/slow.go:313.2,313.53 1 1
github.com/go-mysql/log-parser/slow/slow.go:322.2,326.9 3 1
github.com/go-mysql/log-parser/slow/slow.go:300.17,302.3 1 0
github.com/go-mysql/log-parser/slow/slow.go:305.15,311.3 5 1
github.com/go-mysql/log-parser/slow/slow.go:313.53,314.25 1 1
github.com/go-mysql/log-parser/slow/slow.go:318.3,318.9 1 1
github.com/go-mysql/log-parser/slow/slow.go:314.25,316.4 1 0
github.com/go-mysql/log-parser/slow/slow.go:327.2,327.30 0 1
github.com/go-mysql/log-parser/slow/slow.go:328.2,329.19 1 0
